<?xml version="1.0" encoding="UTF-8"?>
<testng-results skipped="0" failed="0" total="1" passed="1">
  <reporter-output>
  </reporter-output>
  <suite name="Default suite" duration-ms="107828" started-at="2016-02-26T12:38:25Z" finished-at="2016-02-26T12:40:12Z">
    <groups>
    </groups>
    <test name="Default test" duration-ms="107828" started-at="2016-02-26T12:38:25Z" finished-at="2016-02-26T12:40:12Z">
      <class name="mobile.cases.PersonReg">
        <test-method status="PASS" signature="beforeMethod()[pri:0, instance:mobile.cases.PersonReg@2be94b0f]" name="beforeMethod" is-config="true" duration-ms="14733" started-at="2016-02-26T20:38:25Z" finished-at="2016-02-26T20:38:39Z">
          <reporter-output>
          </reporter-output>
        </test-method> <!-- beforeMethod -->
        <test-method status="PASS" signature="PersonReg11(java.lang.String, java.lang.String, java.lang.String, java.lang.String, java.lang.String, java.lang.String)[pri:0, instance:mobile.cases.PersonReg@2be94b0f]" name="PersonReg11" duration-ms="93079" started-at="2016-02-26T20:38:39Z" data-provider="personReg" finished-at="2016-02-26T20:40:12Z">
          <params>
            <param index="0">
              <value>
                <![CDATA[张会静]]>
              </value>
            </param>
            <param index="1">
              <value>
                <![CDATA[410928198806244222]]>
              </value>
            </param>
            <param index="2">
              <value>
                <![CDATA[13610862055]]>
              </value>
            </param>
            <param index="3">
              <value>
                <![CDATA[000000]]>
              </value>
            </param>
            <param index="4">
              <value>
                <![CDATA[che001]]>
              </value>
            </param>
            <param index="5">
              <value>
                <![CDATA[汽配汽修]]>
              </value>
            </param>
          </params>
          <reporter-output>
          </reporter-output>
        </test-method> <!-- PersonReg11 -->
      </class> <!-- mobile.cases.PersonReg -->
    </test> <!-- Default test -->
  </suite> <!-- Default suite -->
</testng-results>
